[2019-10-06 04:39:18] local.ERROR: Command "jwt:generate" is not defined.

Did you mean one of these?
    event:generate
    jwt:secret
    key:generate {"exception":"[object] (Symfony\\Component\\Console\\Exception\\CommandNotFoundException(code: 0): Command \"jwt:generate\" is not defined.

Did you mean one of these?
    event:generate
    jwt:secret
    key:generate at /home/vagrant/Code/Work/CapeAndBay/Internal/anchorCMS/anchor_new/vendor/symfony/console/Application.php:646)
[stacktrace]
#0 /home/vagrant/Code/Work/CapeAndBay/Internal/anchorCMS/anchor_new/vendor/symfony/console/Application.php(236): Symfony\\Component\\Console\\Application->find('jwt:generate')
#1 /home/vagrant/Code/Work/CapeAndBay/Internal/anchorCMS/anchor_new/vendor/symfony/console/Application.php(148): Symfony\\Component\\Console\\Application->doRun(Object(Symfony\\Component\\Console\\Input\\ArgvInput), Object(Symfony\\Component\\Console\\Output\\ConsoleOutput))
#2 /home/vagrant/Code/Work/CapeAndBay/Internal/anchorCMS/anchor_new/vendor/laravel/framework/src/Illuminate/Console/Application.php(90): Symfony\\Component\\Console\\Application->run(Object(Symfony\\Component\\Console\\Input\\ArgvInput), Object(Symfony\\Component\\Console\\Output\\ConsoleOutput))
#3 /home/vagrant/Code/Work/CapeAndBay/Internal/anchorCMS/anchor_new/vendor/laravel/framework/src/Illuminate/Foundation/Console/Kernel.php(131): Illuminate\\Console\\Application->run(Object(Symfony\\Component\\Console\\Input\\ArgvInput), Object(Symfony\\Component\\Console\\Output\\ConsoleOutput))
#4 /home/vagrant/Code/Work/CapeAndBay/Internal/anchorCMS/anchor_new/artisan(37): Illuminate\\Foundation\\Console\\Kernel->handle(Object(Symfony\\Component\\Console\\Input\\ArgvInput), Object(Symfony\\Component\\Console\\Output\\ConsoleOutput))
#5 {main}
"} 
[2019-10-06 04:48:28] local.ERROR: Command "config:publish" is not defined.

Did you mean one of these?
    config:cache
    config:clear
    vendor:publish {"exception":"[object] (Symfony\\Component\\Console\\Exception\\CommandNotFoundException(code: 0): Command \"config:publish\" is not defined.

Did you mean one of these?
    config:cache
    config:clear
    vendor:publish at /home/vagrant/Code/Work/CapeAndBay/Internal/anchorCMS/anchor_new/vendor/symfony/console/Application.php:646)
[stacktrace]
#0 /home/vagrant/Code/Work/CapeAndBay/Internal/anchorCMS/anchor_new/vendor/symfony/console/Application.php(236): Symfony\\Component\\Console\\Application->find('config:publish')
#1 /home/vagrant/Code/Work/CapeAndBay/Internal/anchorCMS/anchor_new/vendor/symfony/console/Application.php(148): Symfony\\Component\\Console\\Application->doRun(Object(Symfony\\Component\\Console\\Input\\ArgvInput), Object(Symfony\\Component\\Console\\Output\\ConsoleOutput))
#2 /home/vagrant/Code/Work/CapeAndBay/Internal/anchorCMS/anchor_new/vendor/laravel/framework/src/Illuminate/Console/Application.php(90): Symfony\\Component\\Console\\Application->run(Object(Symfony\\Component\\Console\\Input\\ArgvInput), Object(Symfony\\Component\\Console\\Output\\ConsoleOutput))
#3 /home/vagrant/Code/Work/CapeAndBay/Internal/anchorCMS/anchor_new/vendor/laravel/framework/src/Illuminate/Foundation/Console/Kernel.php(131): Illuminate\\Console\\Application->run(Object(Symfony\\Component\\Console\\Input\\ArgvInput), Object(Symfony\\Component\\Console\\Output\\ConsoleOutput))
#4 /home/vagrant/Code/Work/CapeAndBay/Internal/anchorCMS/anchor_new/artisan(37): Illuminate\\Foundation\\Console\\Kernel->handle(Object(Symfony\\Component\\Console\\Input\\ArgvInput), Object(Symfony\\Component\\Console\\Output\\ConsoleOutput))
#5 {main}
"} 
[2019-10-06 05:07:13] local.ERROR: There are no commands defined in the "backpack:base" namespace.

Did you mean this?
    backpack {"exception":"[object] (Symfony\\Component\\Console\\Exception\\NamespaceNotFoundException(code: 0): There are no commands defined in the \"backpack:base\" namespace.

Did you mean this?
    backpack at /home/vagrant/Code/Work/CapeAndBay/Internal/anchorCMS/anchor_new/vendor/symfony/console/Application.php:583)
[stacktrace]
#0 /home/vagrant/Code/Work/CapeAndBay/Internal/anchorCMS/anchor_new/vendor/symfony/console/Application.php(632): Symfony\\Component\\Console\\Application->findNamespace('backpack:base')
#1 /home/vagrant/Code/Work/CapeAndBay/Internal/anchorCMS/anchor_new/vendor/symfony/console/Application.php(236): Symfony\\Component\\Console\\Application->find('backpack:base:i...')
#2 /home/vagrant/Code/Work/CapeAndBay/Internal/anchorCMS/anchor_new/vendor/symfony/console/Application.php(148): Symfony\\Component\\Console\\Application->doRun(Object(Symfony\\Component\\Console\\Input\\ArgvInput), Object(Symfony\\Component\\Console\\Output\\ConsoleOutput))
#3 /home/vagrant/Code/Work/CapeAndBay/Internal/anchorCMS/anchor_new/vendor/laravel/framework/src/Illuminate/Console/Application.php(90): Symfony\\Component\\Console\\Application->run(Object(Symfony\\Component\\Console\\Input\\ArgvInput), Object(Symfony\\Component\\Console\\Output\\ConsoleOutput))
#4 /home/vagrant/Code/Work/CapeAndBay/Internal/anchorCMS/anchor_new/vendor/laravel/framework/src/Illuminate/Foundation/Console/Kernel.php(131): Illuminate\\Console\\Application->run(Object(Symfony\\Component\\Console\\Input\\ArgvInput), Object(Symfony\\Component\\Console\\Output\\ConsoleOutput))
#5 /home/vagrant/Code/Work/CapeAndBay/Internal/anchorCMS/anchor_new/artisan(37): Illuminate\\Foundation\\Console\\Kernel->handle(Object(Symfony\\Component\\Console\\Input\\ArgvInput), Object(Symfony\\Component\\Console\\Output\\ConsoleOutput))
#6 {main}
"} 
